<?xml version="1.0" encoding="UTF-8"?>
<testsuite name="ChoseGameTest" tests="1" skipped="0" failures="0" errors="0" timestamp="2019-11-23T06:10:33" hostname="LAPTOP-PQL7F6G3" time="0.005">
  <properties/>
  <testcase name="counstructorChoseGameTest" classname="ChoseGameTest" time="0.005"/>
  <system-out><![CDATA[invalid game input
]]></system-out>
  <system-err><![CDATA[]]></system-err>
</testsuite>
