<?xml version="1.0" encoding="UTF-8"?>
<testsuite name="RollTest" tests="1" skipped="0" failures="0" errors="0" timestamp="2019-11-23T06:28:37" hostname="LAPTOP-PQL7F6G3" time="0.005">
  <properties/>
  <testcase name="rollA" classname="RollTest" time="0.005"/>
  <system-out><![CDATA[user won 0
]]></system-out>
  <system-err><![CDATA[]]></system-err>
</testsuite>
